#-----------------------------------------------------------
# Vivado v2017.2 (64-bit)
# SW Build 1909853 on Thu Jun 15 18:39:09 MDT 2017
# IP Build 1909766 on Thu Jun 15 19:58:00 MDT 2017
# Start of session at: Thu Oct 12 21:47:49 2017
# Process ID: 9448
# Current directory: H:/EECS_645/HW06_MIPS_ALU_ChenLong/ALU
# Command line: vivado.exe -gui_launcher_event rodinguilauncherevent9116 H:\EECS_645\HW06_MIPS_ALU_ChenLong\ALU\ALU.xpr
# Log file: H:/EECS_645/HW06_MIPS_ALU_ChenLong/ALU/vivado.log
# Journal file: H:/EECS_645/HW06_MIPS_ALU_ChenLong/ALU\vivado.jou
#-----------------------------------------------------------
start_gui
open_project H:/EECS_645/HW06_MIPS_ALU_ChenLong/ALU/ALU.xpr
Scanning sources...
Finished scanning sources
INFO: [IP_Flow 19-234] Refreshing IP repositories
INFO: [IP_Flow 19-1704] No user IP repositories specified
INFO: [IP_Flow 19-2313] Loaded Vivado IP repository 'C:/Xilinx/Vivado/2017.2/data/ip'.
update_compile_order -fileset sources_1
create_project project_1 C:/Users/l115c442/Desktop/HW06_MIPS_ALU_ChenLong/project_1 -part xc7vx485tffg1157-1
INFO: [IP_Flow 19-234] Refreshing IP repositories
INFO: [IP_Flow 19-1704] No user IP repositories specified
INFO: [IP_Flow 19-2313] Loaded Vivado IP repository 'C:/Xilinx/Vivado/2017.2/data/ip'.
set_property target_language VHDL [current_project]
add_files {C:/Users/l115c442/Desktop/HW06_MIPS_ALU_ChenLong/design_sources/alu.vhd C:/Users/l115c442/Desktop/HW06_MIPS_ALU_ChenLong/design_sources/my_packages/ieee_2008/math_real-body.vhdl C:/Users/l115c442/Desktop/HW06_MIPS_ALU_ChenLong/design_sources/my_packages/my_package-body.vhd C:/Users/l115c442/Desktop/HW06_MIPS_ALU_ChenLong/design_sources/my_packages/my_package.vhd C:/Users/l115c442/Desktop/HW06_MIPS_ALU_ChenLong/design_sources/my_packages/ieee_2008/math_real.vhdl}
update_compile_order -fileset sources_1
set_property SOURCE_SET sources_1 [get_filesets sim_1]
add_files -fileset sim_1 C:/Users/l115c442/Desktop/HW06_MIPS_ALU_ChenLong/simulation_sources/alu_tb.vhd
update_compile_order -fileset sources_1
update_compile_order -fileset sources_1
close_project
update_compile_order -fileset sources_1
update_compile_order -fileset sources_1
exit
INFO: [Common 17-206] Exiting Vivado at Thu Oct 12 22:15:28 2017...
