Unable to capture context for thread 972 in process 11840, can not generate back trace
Unable to capture context for thread 8712 in process 11840, can not generate back trace
Exception at PC 0x00007FFC8AEABB93
Printing stacktrace...

[0]  [0x00007FFC8AEABB93]
[1]  [0x00007FFC8AEABB93]
[2]  [0x00007FFC8AEAB4A1]
[3]  [0x00007FFC8AEAB3EF]
[4]  [0x00007FFC8AE919FE]
[5]  [0x00007FFC8AE90ED1]
[6]  [0x00007FFC8AE90D76]
[7]  [0x00007FFC8AE379F6]
[8]  [0x00007FFC8AE27AFB]
[9]  [0x00007FFC8AF4E90A]
[10]  [0x00007FFC8AF69F87]
[11]  [0x00007FFC8AF6A05F]
[12] (BaseThreadInitThunk+0x14) [0x00007FFD17722774]
[13] (RtlUserThreadStart+0x21) [0x00007FFD18A90D51]
Done
Exception at PC 0x00007FFC8ABB1A52
Attemped to write at address 0x00007FFCF33FABA4
Printing stacktrace...

[0]  [0x00007FFC8ABB1A52]
[1]  [0x00007FFC8ABB1A52]
[2]  [0x00007FFC8ABB1AD4]
[3]  [0x00007FFC8ACF3FF7]
[4]  [0x00007FFC8ABD9128]
[5]  [0x00007FFC8AE8DFB9]
[6]  [0x00007FFC8B05EF23]
[7]  [0x00007FFC8AF6B06B]
[8]  [0x00007FFC8AF608AF]
[9]  [0x00007FFC8AF60A32]
[10] (RtlDeactivateActivationContextUnsafeFast+0x1af) [0x00007FFD18A4485F]
[11] (LdrShutdownProcess+0x12c) [0x00007FFD18A6D43C]
[12] (RtlExitUserProcess+0xb4) [0x00007FFD18A6D2F4]
[13] (FatalExit+0xa) [0x00007FFD1772C0DA]
[14] (exit+0x75) [0x00007FFD176AA045]
[15] (initterm_e+0x21d) [0x00007FFD176AA68D]
[16]  [0x00000000004014CD]
[17]  [0x000000000040151B]
[18] (BaseThreadInitThunk+0x14) [0x00007FFD17722774]
[19] (RtlUserThreadStart+0x21) [0x00007FFD18A90D51]
Done
